FILE_TYPE=LIBRARY_PARTS;
PRIMITIVE 'RECE.20279.001E.01';
  PIN
    '1':
      PIN_NUMBER='(1)';
      NO_LOAD_CHECK=BOTH;
      NO_IO_CHECK=BOTH;
      ALLOW_CONNECT=TRUE;
      PINUSE='UNSPEC';
    '2':
      PIN_NUMBER='(2)';
      NO_LOAD_CHECK=BOTH;
      NO_IO_CHECK=BOTH;
      ALLOW_CONNECT=TRUE;
      PINUSE='UNSPEC';
    '3':
      PIN_NUMBER='(3)';
      NO_LOAD_CHECK=BOTH;
      NO_IO_CHECK=BOTH;
      ALLOW_CONNECT=TRUE;
      PINUSE='UNSPEC';
  END_PIN;
  BODY
    PART_NAME='RECE.20279.001E.01';
    PHYS_DES_PREFIX='ANT';
    NO_LOAD_CHECK='TRUE';
    PIN_COUNT='3';
    BODY_NAME='RECE.20279.001E.01';
    JEDEC_TYPE='RECE.20279.001E.01';
  END_BODY;
END_PRIMITIVE;
END.
